#
# There is insufficient memory for the Java Runtime Environment to continue.
# Native memory allocation (malloc) failed to allocate 1048576 bytes for AllocateHeap
# Possible reasons:
#   The system is out of physical RAM or swap space
#   In 32 bit mode, the process size limit was hit
# Possible solutions:
#   Reduce memory load on the system
#   Increase physical memory or swap space
#   Check if swap backing store is full
#   Use 64 bit Java on a 64 bit OS
#   Decrease Java heap size (-Xmx/-Xms)
#   Decrease number of Java threads
#   Decrease Java thread stack sizes (-Xss)
#   Set larger code cache with -XX:ReservedCodeCacheSize=
# This output file may be truncated or incomplete.
#
#  Out of Memory Error (memory/allocation.inline.hpp:61), pid=6556, tid=0x0000000000000b60
#
# JRE version:  (8.0_171-b11) (build )
# Java VM: Java HotSpot(TM) 64-Bit Server VM (25.171-b11 mixed mode windows-amd64 compressed oops)
# Failed to write core dump. Minidumps are not enabled by default on client versions of Windows
#

---------------  T H R E A D  ---------------

Current thread (0x000000000269d800):  JavaThread "Unknown thread" [_thread_in_vm, id=2912, stack(0x0000000002500000,0x0000000002600000)]

Stack: [0x0000000002500000,0x0000000002600000]
[error occurred during error reporting (printing stack bounds), id 0xc0000005]

Native frames: (J=compiled Java code, j=interpreted, Vv=VM code, C=native code)


---------------  P R O C E S S  ---------------

Java Threads: ( => current thread )

Other Threads:

=>0x000000000269d800 (exited) JavaThread "Unknown thread" [_thread_in_vm, id=2912, stack(0x0000000002500000,0x0000000002600000)]

VM state:not at safepoint (normal execution)

VM Mutex/Monitor currently owned by a thread: None

Heap:
 PSYoungGen      total 16896K, used 296K [0x00000000ed980000, 0x00000000eec00000, 0x0000000100000000)
  eden space 14848K, 2% used [0x00000000ed980000,0x00000000ed9ca3e0,0x00000000ee800000)
  from space 2048K, 0% used [0x00000000eea00000,0x00000000eea00000,0x00000000eec00000)
  to   space 2048K, 0% used [0x00000000ee800000,0x00000000ee800000,0x00000000eea00000)
 ParOldGen       total 38400K, used 0K [0x00000000c8c00000, 0x00000000cb180000, 0x00000000ed980000)
  object space 38400K, 0% used [0x00000000c8c00000,0x00000000c8c00000,0x00000000cb180000)
 Metaspace       used 774K, capacity 4480K, committed 4480K, reserved 1056768K
  class space    used 76K, capacity 384K, committed 384K, reserved 1048576K

Card table byte_map: [0x0000000011c60000,0x0000000011e20000] byte_map_base: 0x000000001161a000

Marking Bits: (ParMarkBitMap*) 0x0000000070e308c0
 Begin Bits: [0x0000000012150000, 0x0000000012f20000)
 End Bits:   [0x0000000012f20000, 0x0000000013cf0000)

Polling page: 0x0000000000ca0000

CodeCache: size=245760Kb used=327Kb max_used=327Kb free=245432Kb
 bounds [0x00000000028a0000, 0x0000000002b10000, 0x00000000118a0000]
 total_blobs=57 nmethods=0 adapters=38
 compilation: enabled

Compilation events (0 events):
No events

GC Heap History (0 events):
No events

Deoptimization events (0 events):
No events

Classes redefined (0 events):
No events

Internal exceptions (0 events):
No events

Events (10 events):
Event: 0.095 loading class java/lang/Short
Event: 0.096 loading class java/lang/Short done
Event: 0.096 loading class java/lang/Integer
Event: 0.096 loading class java/lang/Integer done
Event: 0.096 loading class java/lang/Long
Event: 0.096 loading class java/lang/Long done
Event: 0.100 loading class java/lang/NullPointerException
Event: 0.100 loading class java/lang/NullPointerException done
Event: 0.100 loading class java/lang/ArithmeticException
Event: 0.100 loading class java/lang/ArithmeticException done


Dynamic libraries:
0x00007ff64c5a0000 - 0x00007ff64c5d7000 	C:\Program Files\Java\jdk1.8.0_171\bin\java.exe
0x00007ffd68a20000 - 0x00007ffd68c01000 	C:\WINDOWS\SYSTEM32\ntdll.dll
0x00007ffd681a0000 - 0x00007ffd68252000 	C:\WINDOWS\System32\KERNEL32.DLL
0x00007ffd659a0000 - 0x00007ffd65c13000 	C:\WINDOWS\System32\KERNELBASE.dll
0x00007ffd683f0000 - 0x00007ffd68491000 	C:\WINDOWS\System32\ADVAPI32.dll
0x00007ffd68100000 - 0x00007ffd6819e000 	C:\WINDOWS\System32\msvcrt.dll
0x00007ffd67660000 - 0x00007ffd676bb000 	C:\WINDOWS\System32\sechost.dll
0x00007ffd67ba0000 - 0x00007ffd67cc4000 	C:\WINDOWS\System32\RPCRT4.dll
0x00007ffd68500000 - 0x00007ffd68690000 	C:\WINDOWS\System32\USER32.dll
0x00007ffd65ca0000 - 0x00007ffd65cc0000 	C:\WINDOWS\System32\win32u.dll
0x00007ffd673c0000 - 0x00007ffd673e8000 	C:\WINDOWS\System32\GDI32.dll
0x00007ffd65650000 - 0x00007ffd657e2000 	C:\WINDOWS\System32\gdi32full.dll
0x00007ffd64ea0000 - 0x00007ffd64f3f000 	C:\WINDOWS\System32\msvcp_win.dll
0x00007ffd657f0000 - 0x00007ffd658ea000 	C:\WINDOWS\System32\ucrtbase.dll
0x00007ffd588a0000 - 0x00007ffd58b09000 	C:\WINDOWS\WinSxS\amd64_microsoft.windows.common-controls_6595b64144ccf1df_6.0.17134.1_none_e4da93291059d8fb\COMCTL32.dll
0x00007ffd68690000 - 0x00007ffd689b3000 	C:\WINDOWS\System32\combase.dll
0x00007ffd65c20000 - 0x00007ffd65c9a000 	C:\WINDOWS\System32\bcryptPrimitives.dll
0x00007ffd689c0000 - 0x00007ffd689ed000 	C:\WINDOWS\System32\IMM32.DLL
0x0000000070530000 - 0x0000000070602000 	C:\Program Files\Java\jdk1.8.0_171\jre\bin\msvcr100.dll
0x0000000070610000 - 0x0000000070eb0000 	C:\Program Files\Java\jdk1.8.0_171\jre\bin\server\jvm.dll
0x00007ffd676c0000 - 0x00007ffd676c8000 	C:\WINDOWS\System32\PSAPI.DLL
0x00007ffd480b0000 - 0x00007ffd480b9000 	C:\WINDOWS\SYSTEM32\WSOCK32.dll
0x00007ffd67590000 - 0x00007ffd675fc000 	C:\WINDOWS\System32\WS2_32.dll
0x00007ffd62ea0000 - 0x00007ffd62ec3000 	C:\WINDOWS\SYSTEM32\WINMM.dll
0x00007ffd60450000 - 0x00007ffd6045a000 	C:\WINDOWS\SYSTEM32\VERSION.dll
0x00007ffd62e70000 - 0x00007ffd62e9a000 	C:\WINDOWS\SYSTEM32\WINMMBASE.dll
0x00007ffd64df0000 - 0x00007ffd64e39000 	C:\WINDOWS\System32\cfgmgr32.dll
0x00000000704e0000 - 0x00000000704ef000 	C:\Program Files\Java\jdk1.8.0_171\jre\bin\verify.dll
0x00000000704b0000 - 0x00000000704d9000 	C:\Program Files\Java\jdk1.8.0_171\jre\bin\java.dll
0x0000000070490000 - 0x00000000704a6000 	C:\Program Files\Java\jdk1.8.0_171\jre\bin\zip.dll

VM Arguments:
jvm_args: -Dfile.encoding=UTF-8 
java_command: question_10.Question_10
java_class_path (initial): C:\Users\User\Documents\NetBeansProjects\question_10\build\classes
Launcher Type: SUN_STANDARD

Environment Variables:
PATH=C:\Program Files (x86)\Common Files\Oracle\Java\javapath;C:\WINDOWS\system32;C:\WINDOWS;C:\WINDOWS\System32\Wbem;C:\WINDOWS\System32\WindowsPowerShell\v1.0\;C:\Program Files\Hewlett-Packard\SimplePass\;C:\Program Files (x86)\Windows Live\Shared;C:\Program Files (x86)\ATI Technologies\ATI.ACE\Core-Static;C:\WINDOWS\System32\OpenSSH\;C:\Users\User\AppData\Local\Microsoft\WindowsApps;
USERNAME=User
OS=Windows_NT
PROCESSOR_IDENTIFIER=AMD64 Family 22 Model 48 Stepping 1, AuthenticAMD



---------------  S Y S T E M  ---------------

OS: Windows 10.0 , 64 bit Build 17134 (10.0.17134.1)

CPU:total 2 (initial active 2) (2 cores per cpu, 1 threads per core) family 22 model 48 stepping 1, cmov, cx8, fxsr, mmx, sse, sse2, sse3, ssse3, sse4.1, sse4.2, popcnt, avx, aes, clmul, mmxext, 3dnowpref, lzcnt, sse4a, tsc, tscinvbit, tscinv, bmi1

Memory: 4k page, physical 3613672k(432528k free), swap 3613672k(5816k free)

vm_info: Java HotSpot(TM) 64-Bit Server VM (25.171-b11) for windows-amd64 JRE (1.8.0_171-b11), built on Mar 28 2018 16:06:12 by "java_re" with MS VC++ 10.0 (VS2010)

time: Wed Jul 04 11:30:14 2018
elapsed time: 0 seconds (0d 0h 0m 0s)

