#
# There is insufficient memory for the Java Runtime Environment to continue.
# Native memory allocation (malloc) failed to allocate 32744 bytes for ChunkPool::allocate
# Possible reasons:
#   The system is out of physical RAM or swap space
#   In 32 bit mode, the process size limit was hit
# Possible solutions:
#   Reduce memory load on the system
#   Increase physical memory or swap space
#   Check if swap backing store is full
#   Use 64 bit Java on a 64 bit OS
#   Decrease Java heap size (-Xmx/-Xms)
#   Decrease number of Java threads
#   Decrease Java thread stack sizes (-Xss)
#   Set larger code cache with -XX:ReservedCodeCacheSize=
# This output file may be truncated or incomplete.
#
#  Out of Memory Error (allocation.cpp:273), pid=5844, tid=0x0000000000000610
#
# JRE version: Java(TM) SE Runtime Environment (8.0_171-b11) (build 1.8.0_171-b11)
# Java VM: Java HotSpot(TM) 64-Bit Server VM (25.171-b11 mixed mode windows-amd64 compressed oops)
# Failed to write core dump. Minidumps are not enabled by default on client versions of Windows
#

---------------  T H R E A D  ---------------

Current thread (0x000000001497a000):  JavaThread "C2 CompilerThread0" daemon [_thread_in_native, id=1552, stack(0x00000000159b0000,0x0000000015ab0000)]

Stack: [0x00000000159b0000,0x0000000015ab0000]
[error occurred during error reporting (printing stack bounds), id 0xc0000005]

Native frames: (J=compiled Java code, j=interpreted, Vv=VM code, C=native code)


Current CompileTask:
C2:    457   22       4       java.lang.String::charAt (29 bytes)


---------------  P R O C E S S  ---------------

Java Threads: ( => current thread )
  0x00000000149dd000 JavaThread "Service Thread" daemon [_thread_blocked, id=9544, stack(0x0000000015bb0000,0x0000000015cb0000)]
  0x00000000149d6000 JavaThread "C1 CompilerThread1" daemon [_thread_blocked, id=11780, stack(0x0000000015ab0000,0x0000000015bb0000)]
=>0x000000001497a000 JavaThread "C2 CompilerThread0" daemon [_thread_in_native, id=1552, stack(0x00000000159b0000,0x0000000015ab0000)]
  0x0000000014979000 JavaThread "Attach Listener" daemon [_thread_blocked, id=2256, stack(0x00000000158b0000,0x00000000159b0000)]
  0x0000000014976000 JavaThread "Signal Dispatcher" daemon [_thread_blocked, id=11096, stack(0x00000000157b0000,0x00000000158b0000)]
  0x0000000014968800 JavaThread "Finalizer" daemon [_thread_blocked, id=12112, stack(0x00000000155c0000,0x00000000156c0000)]
  0x00000000029ff800 JavaThread "Reference Handler" daemon [_thread_blocked, id=6340, stack(0x00000000154c0000,0x00000000155c0000)]
  0x000000000110d800 JavaThread "main" [_thread_in_Java, id=10844, stack(0x00000000027a0000,0x00000000028a0000)]

Other Threads:
  0x0000000014947000 VMThread [stack: 0x00000000153c0000,0x00000000154c0000] [id=2008]
  0x00000000149df000 WatcherThread [stack: 0x0000000015cb0000,0x0000000015db0000] [id=3120]

VM state:not at safepoint (normal execution)

VM Mutex/Monitor currently owned by a thread: None

Heap:
 PSYoungGen      total 16896K, used 891K [0x00000000ed980000, 0x00000000eec00000, 0x0000000100000000)
  eden space 14848K, 6% used [0x00000000ed980000,0x00000000eda5ec68,0x00000000ee800000)
  from space 2048K, 0% used [0x00000000eea00000,0x00000000eea00000,0x00000000eec00000)
  to   space 2048K, 0% used [0x00000000ee800000,0x00000000ee800000,0x00000000eea00000)
 ParOldGen       total 38400K, used 0K [0x00000000c8c00000, 0x00000000cb180000, 0x00000000ed980000)
  object space 38400K, 0% used [0x00000000c8c00000,0x00000000c8c00000,0x00000000cb180000)
 Metaspace       used 2790K, capacity 4486K, committed 4864K, reserved 1056768K
  class space    used 311K, capacity 386K, committed 512K, reserved 1048576K

Card table byte_map: [0x0000000011dd0000,0x0000000011f90000] byte_map_base: 0x000000001178a000

Marking Bits: (ParMarkBitMap*) 0x0000000070e308c0
 Begin Bits: [0x00000000122c0000, 0x0000000013090000)
 End Bits:   [0x0000000013090000, 0x0000000013e60000)

Polling page: 0x0000000000b00000

CodeCache: size=245760Kb used=1103Kb max_used=1103Kb free=244656Kb
 bounds [0x0000000002a10000, 0x0000000002c80000, 0x0000000011a10000]
 total_blobs=255 nmethods=24 adapters=146
 compilation: enabled

Compilation events (10 events):
Event: 0.395 Thread 0x00000000149d6000   18       3       java.lang.String::equals (81 bytes)
Event: 0.396 Thread 0x00000000149d6000 nmethod 18 0x0000000002b1fb50 code [0x0000000002b1fce0, 0x0000000002b20230]
Event: 0.396 Thread 0x00000000149d6000   19       3       java.lang.Math::min (11 bytes)
Event: 0.396 Thread 0x00000000149d6000 nmethod 19 0x0000000002b20410 code [0x0000000002b20560, 0x0000000002b206f0]
Event: 0.397 Thread 0x00000000149d6000   20       3       java.lang.AbstractStringBuilder::append (50 bytes)
Event: 0.399 Thread 0x00000000149d6000 nmethod 20 0x0000000002b20750 code [0x0000000002b20920, 0x0000000002b21078]
Event: 0.443 Thread 0x00000000149d6000   21       3       java.lang.StringBuilder::append (8 bytes)
Event: 0.443 Thread 0x000000001497a000   22       4       java.lang.String::charAt (29 bytes)
Event: 0.444 Thread 0x00000000149d6000 nmethod 21 0x0000000002b21fd0 code [0x0000000002b22140, 0x0000000002b222c8]
Event: 0.445 Thread 0x00000000149d6000   23       3       java.util.Arrays::copyOfRange (63 bytes)

GC Heap History (0 events):
No events

Deoptimization events (0 events):
No events

Classes redefined (0 events):
No events

Internal exceptions (2 events):
Event: 0.102 Thread 0x000000000110d800 Exception <a 'java/lang/NoSuchMethodError': Method sun.misc.Unsafe.defineClass(Ljava/lang/String;[BII)Ljava/lang/Class; name or signature does not match> (0x00000000ed987cb0) thrown at [C:\re\workspace\8-2-build-windows-amd64-cygwin\jdk8u171\10807\hotspot
Event: 0.103 Thread 0x000000000110d800 Exception <a 'java/lang/NoSuchMethodError': Method sun.misc.Unsafe.prefetchRead(Ljava/lang/Object;J)V name or signature does not match> (0x00000000ed987f98) thrown at [C:\re\workspace\8-2-build-windows-amd64-cygwin\jdk8u171\10807\hotspot\src\share\vm\prim

Events (10 events):
Event: 0.442 loading class sun/util/locale/provider/LocaleProviderAdapter$1
Event: 0.442 loading class sun/util/locale/provider/LocaleProviderAdapter$1 done
Event: 0.442 loading class sun/util/locale/provider/NumberFormatProviderImpl
Event: 0.442 loading class sun/util/locale/provider/AvailableLanguageTags
Event: 0.442 loading class sun/util/locale/provider/AvailableLanguageTags done
Event: 0.442 loading class sun/util/locale/provider/NumberFormatProviderImpl done
Event: 0.442 loading class sun/util/locale/provider/LocaleDataMetaInfo
Event: 0.443 loading class sun/util/locale/provider/LocaleDataMetaInfo done
Event: 0.444 loading class sun/util/locale/provider/JRELocaleProviderAdapter$1
Event: 0.444 loading class sun/util/locale/provider/JRELocaleProviderAdapter$1 done


Dynamic libraries:
0x00007ff64c5a0000 - 0x00007ff64c5d7000 	C:\Program Files\Java\jdk1.8.0_171\bin\java.exe
0x00007ffd68a20000 - 0x00007ffd68c01000 	C:\WINDOWS\SYSTEM32\ntdll.dll
0x00007ffd681a0000 - 0x00007ffd68252000 	C:\WINDOWS\System32\KERNEL32.DLL
0x00007ffd659a0000 - 0x00007ffd65c13000 	C:\WINDOWS\System32\KERNELBASE.dll
0x00007ffd683f0000 - 0x00007ffd68491000 	C:\WINDOWS\System32\ADVAPI32.dll
0x00007ffd68100000 - 0x00007ffd6819e000 	C:\WINDOWS\System32\msvcrt.dll
0x00007ffd67660000 - 0x00007ffd676bb000 	C:\WINDOWS\System32\sechost.dll
0x00007ffd67ba0000 - 0x00007ffd67cc4000 	C:\WINDOWS\System32\RPCRT4.dll
0x00007ffd68500000 - 0x00007ffd68690000 	C:\WINDOWS\System32\USER32.dll
0x00007ffd65ca0000 - 0x00007ffd65cc0000 	C:\WINDOWS\System32\win32u.dll
0x00007ffd673c0000 - 0x00007ffd673e8000 	C:\WINDOWS\System32\GDI32.dll
0x00007ffd65650000 - 0x00007ffd657e2000 	C:\WINDOWS\System32\gdi32full.dll
0x00007ffd64ea0000 - 0x00007ffd64f3f000 	C:\WINDOWS\System32\msvcp_win.dll
0x00007ffd657f0000 - 0x00007ffd658ea000 	C:\WINDOWS\System32\ucrtbase.dll
0x00007ffd588a0000 - 0x00007ffd58b09000 	C:\WINDOWS\WinSxS\amd64_microsoft.windows.common-controls_6595b64144ccf1df_6.0.17134.1_none_e4da93291059d8fb\COMCTL32.dll
0x00007ffd68690000 - 0x00007ffd689b3000 	C:\WINDOWS\System32\combase.dll
0x00007ffd65c20000 - 0x00007ffd65c9a000 	C:\WINDOWS\System32\bcryptPrimitives.dll
0x00007ffd689c0000 - 0x00007ffd689ed000 	C:\WINDOWS\System32\IMM32.DLL
0x0000000070530000 - 0x0000000070602000 	C:\Program Files\Java\jdk1.8.0_171\jre\bin\msvcr100.dll
0x0000000070610000 - 0x0000000070eb0000 	C:\Program Files\Java\jdk1.8.0_171\jre\bin\server\jvm.dll
0x00007ffd676c0000 - 0x00007ffd676c8000 	C:\WINDOWS\System32\PSAPI.DLL
0x00007ffd62ea0000 - 0x00007ffd62ec3000 	C:\WINDOWS\SYSTEM32\WINMM.dll
0x00007ffd60450000 - 0x00007ffd6045a000 	C:\WINDOWS\SYSTEM32\VERSION.dll
0x00007ffd62e70000 - 0x00007ffd62e9a000 	C:\WINDOWS\SYSTEM32\WINMMBASE.dll
0x00007ffd64df0000 - 0x00007ffd64e39000 	C:\WINDOWS\System32\cfgmgr32.dll
0x00007ffd480b0000 - 0x00007ffd480b9000 	C:\WINDOWS\SYSTEM32\WSOCK32.dll
0x0000000002730000 - 0x000000000279c000 	C:\WINDOWS\System32\ws2_32.DLL
0x00000000704e0000 - 0x00000000704ef000 	C:\Program Files\Java\jdk1.8.0_171\jre\bin\verify.dll
0x00000000704b0000 - 0x00000000704d9000 	C:\Program Files\Java\jdk1.8.0_171\jre\bin\java.dll
0x0000000070490000 - 0x00000000704a6000 	C:\Program Files\Java\jdk1.8.0_171\jre\bin\zip.dll
0x00007ffd65f80000 - 0x00007ffd673c0000 	C:\WINDOWS\System32\SHELL32.dll
0x00007ffd68050000 - 0x00007ffd680f9000 	C:\WINDOWS\System32\shcore.dll
0x00007ffd64f40000 - 0x00007ffd6564d000 	C:\WINDOWS\System32\windows.storage.dll
0x00007ffd67600000 - 0x00007ffd67651000 	C:\WINDOWS\System32\shlwapi.dll
0x00007ffd64d30000 - 0x00007ffd64d41000 	C:\WINDOWS\System32\kernel.appcore.dll
0x00007ffd64d50000 - 0x00007ffd64d6f000 	C:\WINDOWS\System32\profapi.dll
0x00007ffd64d70000 - 0x00007ffd64dbc000 	C:\WINDOWS\System32\powrprof.dll
0x00007ffd64de0000 - 0x00007ffd64dea000 	C:\WINDOWS\System32\FLTLIB.DLL

VM Arguments:
jvm_args: -Dfile.encoding=UTF-8 
java_command: question_10.Question_10
java_class_path (initial): C:\Users\User\Documents\NetBeansProjects\question_10\build\classes
Launcher Type: SUN_STANDARD

Environment Variables:
PATH=C:\Program Files (x86)\Common Files\Oracle\Java\javapath;C:\WINDOWS\system32;C:\WINDOWS;C:\WINDOWS\System32\Wbem;C:\WINDOWS\System32\WindowsPowerShell\v1.0\;C:\Program Files\Hewlett-Packard\SimplePass\;C:\Program Files (x86)\Windows Live\Shared;C:\Program Files (x86)\ATI Technologies\ATI.ACE\Core-Static;C:\WINDOWS\System32\OpenSSH\;C:\Users\User\AppData\Local\Microsoft\WindowsApps;
USERNAME=User
OS=Windows_NT
PROCESSOR_IDENTIFIER=AMD64 Family 22 Model 48 Stepping 1, AuthenticAMD



---------------  S Y S T E M  ---------------

OS: Windows 10.0 , 64 bit Build 17134 (10.0.17134.1)

CPU:total 2 (initial active 2) (2 cores per cpu, 1 threads per core) family 22 model 48 stepping 1, cmov, cx8, fxsr, mmx, sse, sse2, sse3, ssse3, sse4.1, sse4.2, popcnt, avx, aes, clmul, mmxext, 3dnowpref, lzcnt, sse4a, tsc, tscinvbit, tscinv, bmi1

Memory: 4k page, physical 3613672k(432620k free), swap 3613672k(3780k free)

vm_info: Java HotSpot(TM) 64-Bit Server VM (25.171-b11) for windows-amd64 JRE (1.8.0_171-b11), built on Mar 28 2018 16:06:12 by "java_re" with MS VC++ 10.0 (VS2010)

time: Wed Jul 04 11:31:11 2018
elapsed time: 0 seconds (0d 0h 0m 0s)

